Build started 5/26/2016 6:51:52 PM.
     1>Project "C:\Users\thanh\Documents\Visual Studio 2012\Projects\Client\Client\Client.vcxproj" on node 2 (Build target(s)).
     1>ClCompile:
         C:\Program Files (x86)\Microsoft Visual Studio 11.0\VC\bin\CL.exe /c /ZI /nologo /W3 /WX- /sdl /Od /Oy- /D WIN32 /D _WINDOWS /D _DEBUG /D _UNICODE /D UNICODE /Gm /EHsc /RTC1 /MTd /GS /fp:precise /Zc:wchar_t /Zc:forScope /Yc"stdafx.h" /Fp"Debug\Client.pch" /Fo"Debug\\" /Fd"Debug\vc110.pdb" /Gd /TP /analyze- /errorReport:prompt stdafx.cpp
         stdafx.cpp
         C:\Program Files (x86)\Microsoft Visual Studio 11.0\VC\bin\CL.exe /c /ZI /nologo /W3 /WX- /sdl /Od /Oy- /D WIN32 /D _WINDOWS /D _DEBUG /D _UNICODE /D UNICODE /Gm /EHsc /RTC1 /MTd /GS /fp:precise /Zc:wchar_t /Zc:forScope /Yu"stdafx.h" /Fp"Debug\Client.pch" /Fo"Debug\\" /Fd"Debug\vc110.pdb" /Gd /TP /analyze- /errorReport:prompt Client.cpp ClientDlg.cpp MyClient.cpp
         MyClient.cpp
         ClientDlg.cpp
     1>c:\users\thanh\documents\visual studio 2012\projects\client\client\clientdlg.cpp(509): warning C4244: 'argument' : conversion from 'time_t' to 'unsigned int', possible loss of data
         Client.cpp
         Generating Code...
       ResourceCompile:
         C:\Program Files (x86)\Windows Kits\8.0\bin\x86\rc.exe /D _DEBUG /D _UNICODE /D UNICODE /l"0x0409" /IDebug\ /nologo /fo"Debug\Client.res" Client.rc 
       Link:
         C:\Program Files (x86)\Microsoft Visual Studio 11.0\VC\bin\link.exe /ERRORREPORT:PROMPT /OUT:"C:\Users\thanh\Documents\Visual Studio 2012\Projects\Client\Debug\Client.exe" /INCREMENTAL /NOLOGO /MANIFEST /MANIFESTUAC:"level='asInvoker' uiAccess='false'" /manifest:embed /manifestinput:"C:\Program Files (x86)\Microsoft Visual Studio 11.0\VC\Include\Manifest\dpiaware.manifest" /DEBUG /PDB:"C:\Users\thanh\Documents\Visual Studio 2012\Projects\Client\Debug\Client.pdb" /SUBSYSTEM:WINDOWS /TLBID:1 /ENTRY:"wWinMainCRTStartup" /DYNAMICBASE /NXCOMPAT /IMPLIB:"C:\Users\thanh\Documents\Visual Studio 2012\Projects\Client\Debug\Client.lib" /MACHINE:X86 Debug\Client.res
         Debug\Client.obj
         Debug\ClientDlg.obj
         Debug\MyClient.obj
         Debug\stdafx.obj
         Client.vcxproj -> C:\Users\thanh\Documents\Visual Studio 2012\Projects\Client\Debug\Client.exe
     1>Done Building Project "C:\Users\thanh\Documents\Visual Studio 2012\Projects\Client\Client\Client.vcxproj" (Build target(s)).

Build succeeded.

Time Elapsed 00:00:18.58
