C:\USERS\THANH\DOCUMENTS\VISUAL STUDIO 2012\PROJECTS\SERVER\SERVER\DEBUG\SERVER.PCH
C:\USERS\THANH\DOCUMENTS\VISUAL STUDIO 2012\PROJECTS\SERVER\SERVER\DEBUG\STDAFX.OBJ
C:\USERS\THANH\DOCUMENTS\VISUAL STUDIO 2012\PROJECTS\SERVER\SERVER\DEBUG\VC110.PDB
C:\USERS\THANH\DOCUMENTS\VISUAL STUDIO 2012\PROJECTS\SERVER\SERVER\DEBUG\MYCLIENT.OBJ
C:\USERS\THANH\DOCUMENTS\VISUAL STUDIO 2012\PROJECTS\SERVER\SERVER\DEBUG\MYSERVER.OBJ
C:\USERS\THANH\DOCUMENTS\VISUAL STUDIO 2012\PROJECTS\SERVER\SERVER\DEBUG\SERVER.OBJ
C:\USERS\THANH\DOCUMENTS\VISUAL STUDIO 2012\PROJECTS\SERVER\SERVER\DEBUG\SERVERDLG.OBJ
C:\USERS\THANH\DOCUMENTS\VISUAL STUDIO 2012\PROJECTS\SERVER\DEBUG\SERVER.ILK
C:\USERS\THANH\DOCUMENTS\VISUAL STUDIO 2012\PROJECTS\SERVER\DEBUG\SERVER.EXE
C:\USERS\THANH\DOCUMENTS\VISUAL STUDIO 2012\PROJECTS\SERVER\DEBUG\SERVER.PDB
C:\USERS\THANH\DOCUMENTS\VISUAL STUDIO 2012\PROJECTS\SERVER\SERVER\DEBUG\SERVER.RES
C:\Users\thanh\Documents\Visual Studio 2012\Projects\Server\Server\Debug\MyClient.obj
C:\Users\thanh\Documents\Visual Studio 2012\Projects\Server\Server\Debug\MyServer.obj
C:\Users\thanh\Documents\Visual Studio 2012\Projects\Server\Server\Debug\Server.obj
C:\Users\thanh\Documents\Visual Studio 2012\Projects\Server\Server\Debug\ServerDlg.obj
C:\Users\thanh\Documents\Visual Studio 2012\Projects\Server\Server\Debug\stdafx.obj
C:\Users\thanh\Documents\Visual Studio 2012\Projects\Server\Server\Debug\cl.command.1.tlog
C:\Users\thanh\Documents\Visual Studio 2012\Projects\Server\Server\Debug\CL.read.1.tlog
C:\Users\thanh\Documents\Visual Studio 2012\Projects\Server\Server\Debug\CL.write.1.tlog
C:\Users\thanh\Documents\Visual Studio 2012\Projects\Server\Server\Debug\link-cvtres.read.1.tlog
C:\Users\thanh\Documents\Visual Studio 2012\Projects\Server\Server\Debug\link-cvtres.write.1.tlog
C:\Users\thanh\Documents\Visual Studio 2012\Projects\Server\Server\Debug\link-mt.read.1.tlog
C:\Users\thanh\Documents\Visual Studio 2012\Projects\Server\Server\Debug\link-mt.write.1.tlog
C:\Users\thanh\Documents\Visual Studio 2012\Projects\Server\Server\Debug\link-rc.read.1.tlog
C:\Users\thanh\Documents\Visual Studio 2012\Projects\Server\Server\Debug\link-rc.write.1.tlog
C:\Users\thanh\Documents\Visual Studio 2012\Projects\Server\Server\Debug\link.command.1.tlog
C:\Users\thanh\Documents\Visual Studio 2012\Projects\Server\Server\Debug\link.read.1.tlog
C:\Users\thanh\Documents\Visual Studio 2012\Projects\Server\Server\Debug\link.write.1.tlog
C:\Users\thanh\Documents\Visual Studio 2012\Projects\Server\Server\Debug\rc.command.1.tlog
C:\Users\thanh\Documents\Visual Studio 2012\Projects\Server\Server\Debug\rc.read.1.tlog
C:\Users\thanh\Documents\Visual Studio 2012\Projects\Server\Server\Debug\rc.write.1.tlog
C:\Users\thanh\Documents\Visual Studio 2012\Projects\Server\Server\Debug\Server.res
C:\Users\thanh\Documents\Visual Studio 2012\Projects\Server\Server\Debug\Server.pch
C:\Users\thanh\Documents\Visual Studio 2012\Projects\Server\Server\Debug\vc110.idb
C:\Users\thanh\Documents\Visual Studio 2012\Projects\Server\Server\Debug\vc110.pdb
C:\Users\thanh\Documents\Visual Studio 2012\Projects\Server\Debug\Server.pdb
C:\Users\thanh\Documents\Visual Studio 2012\Projects\Server\Debug\Server.exe
C:\Users\thanh\Documents\Visual Studio 2012\Projects\Server\Debug\Server.ilk
